2024-04-02T00:39:20+00:00 DEBUG POST: https://business-api.tiktok.com/tbp/v2.0/business_profile/disconnect?external_data=

{"business_platform":"WOO_COMMERCE","external_business_id":"tt4b_woocommerce_660a36238f52f"}
 ajax: no
2024-04-02T00:39:21+00:00 DEBUG Tt4b_Mapi_Class::tbp_post: Response: 

HTTP/1.1 200 OK
Content-Type: application/json; charset=utf-8
Content-Length: 95
X-Api-Deprecation-Info: API for Business Version 1.3 is now live. To avoid disruption to your business, we recommend you migrate all calls to v1.3 as soon as possible. Please visit our migration guide for more details: https://ads.tiktok.com/marketing_api/docs?id=1740029169927169
X-Domain-Change-Info: We have moved to the new domain business-api.tiktok.com for API services after the Platform Upgrade on 09/30/2021. Please update all of your requests with the new domain if you haven't done so already. For more information, please visit https://ads.tiktok.com/marketing_api/docs?rid=esb88xalm6m&id=1709207085043713
X-Tt-Logid: 20240402003920961D34E4FDC8C30FADD0
x-tt-trace-host: 0166849c0bdd8ca7cf56ac7fff452ff8e257367a44f55e44d30302bd7971903451c952a3f28f1ff674cd7a59126118117110ea656bc4e32f4615401313bf3eb65367a7dc9dbc385676f4267157f006b6910304577bd11363528152888dcff2d86aca98bf9a68e6b65a86bc1b7ffb488309
x-tt-trace-id: 00-240402003920961D34E4FDC8C30FADD0-2A2DA4AF254A7689-00
Server: TLB
X-Origin-Response-Time: 18,23.211.140.45
X-Akamai-Request-ID: 69673f40.ddf45aad
Expires: Tue, 02 Apr 2024 00:39:21 GMT
Cache-Control: max-age=0, no-cache, no-store
Pragma: no-cache
Date: Tue, 02 Apr 2024 00:39:21 GMT
X-Cache: TCP_MISS from a23-43-243-148.deploy.akamaitechnologies.com (AkamaiGHost/11.4.3-54729273) (-)
Connection: close
X-Cache-Remote: TCP_MISS from a23-211-140-45.deploy.akamaitechnologies.com (AkamaiGHost/11.4.4.1-55336823) (-)
x-tt-trace-tag: id=16;cdn-cache=miss;type=dyn
Server-Timing: cdn-cache; desc=MISS, edge; dur=216, origin; dur=17
Server-Timing: inner; dur=14
X-Parent-Response-Time: 233,23.43.243.148

{"code":40001,"message":"Permission denied.","request_id":"20240402003920961D34E4FDC8C30FADD0"}

2024-04-02T00:39:21+00:00 DEBUG POST: https://business-api.tiktok.com/tbp/v2.0/shop/connection/disconnect?external_data=

--- EMPTY STRING ---
 ajax: no
2024-04-02T00:39:22+00:00 DEBUG Tt4b_Mapi_Class::tts_shop_disconnect: Response: 

HTTP/1.1 200 OK
Content-Type: application/json; charset=utf-8
Content-Length: 95
X-Api-Deprecation-Info: API for Business Version 1.3 is now live. To avoid disruption to your business, we recommend you migrate all calls to v1.3 as soon as possible. Please visit our migration guide for more details: https://ads.tiktok.com/marketing_api/docs?id=1740029169927169
X-Domain-Change-Info: We have moved to the new domain business-api.tiktok.com for API services after the Platform Upgrade on 09/30/2021. Please update all of your requests with the new domain if you haven't done so already. For more information, please visit https://ads.tiktok.com/marketing_api/docs?rid=esb88xalm6m&id=1709207085043713
X-Tt-Logid: 202404020039214D857FF1F2ECA1102991
x-tt-trace-host: 0166849c0bdd8ca7cf56ac7fff452ff8e2d7b00409b61b542c62d2f8f4dae11a68a85e0055bc12e2aa138aef68320474e8d059e90236926833bb31972a8d814d953bab1d758c6538044e852dd3bf507bc8a283c8b44af245f80eb2c82ac0b5f5f73fbf280024e4a413adaba1023c9e172f
x-tt-trace-id: 00-2404020039214D857FF1F2ECA1102991-28A53910508845C2-00
Server: TLB
X-Origin-Response-Time: 13,173.222.132.203
X-Akamai-Request-ID: 5615511d.ddf464d3
Expires: Tue, 02 Apr 2024 00:39:22 GMT
Cache-Control: max-age=0, no-cache, no-store
Pragma: no-cache
Date: Tue, 02 Apr 2024 00:39:22 GMT
X-Cache: TCP_MISS from a23-43-243-148.deploy.akamaitechnologies.com (AkamaiGHost/11.4.3-54729273) (-)
Connection: close
X-Cache-Remote: TCP_MISS from a173-222-132-203.deploy.akamaitechnologies.com (AkamaiGHost/11.4.3-54729273) (-)
x-tt-trace-tag: id=16;cdn-cache=miss;type=dyn
Server-Timing: cdn-cache; desc=MISS, edge; dur=217, origin; dur=13
Server-Timing: inner; dur=9
X-Parent-Response-Time: 228,23.43.243.148

{"code":40001,"message":"Permission denied.","request_id":"202404020039214D857FF1F2ECA1102991"}

